Arguments: 
  /usr/local/bin/node /usr/local/bin/yarn add [200~npm i -g @nestjs/cli

PATH: 
  /home/remi/.console-ninja/.bin:/home/remi/.console-ninja/.bin:/usr/local/sbin:/usr/local/bin:/usr/sbin:/usr/bin:/sbin:/bin:/usr/games:/usr/local/games:/snap/bin:/snap/bin

Yarn version: 
  1.22.18

Node version: 
  18.12.1

Platform: 
  linux x64

Trace: 
  TypeError [ERR_UNESCAPED_CHARACTERS]: https://registry.yarnpkg.com/[200~npm: Request path contains unescaped characters
      at new NodeError (node:internal/errors:393:5)
      at new ClientRequest (node:_http_client:182:13)
      at Object.request (node:https:360:10)
      at module.exports.Request.start (/usr/local/lib/node_modules/yarn/lib/cli.js:141445:32)
      at module.exports.Request.end (/usr/local/lib/node_modules/yarn/lib/cli.js:142204:10)
      at end (/usr/local/lib/node_modules/yarn/lib/cli.js:141258:14)
      at Immediate.<anonymous> (/usr/local/lib/node_modules/yarn/lib/cli.js:141272:7)
      at process.processImmediate (node:internal/timers:471:21)

npm manifest: 
  No manifest

yarn manifest: 
  No manifest

Lockfile: 
  No lockfile
